[2015-05-06 14:00:01,052] TRACE Controller 0 epoch 1 changed partition [test,0] state from NonExistentPartition to NewPartition with assigned replicas 0 (state.change.logger)
[2015-05-06 14:00:01,058] TRACE Controller 0 epoch 1 changed state of replica 0 for partition [test,0] from NonExistentReplica to NewReplica (state.change.logger)
[2015-05-06 14:00:01,076] TRACE Controller 0 epoch 1 changed partition [test,0] from NewPartition to OnlinePartition with leader 0 (state.change.logger)
[2015-05-06 14:00:01,083] TRACE Controller 0 epoch 1 sending become-leader LeaderAndIsr request (Leader:0,ISR:0,LeaderEpoch:0,ControllerEpoch:1) with correlationId 7 to broker 0 for partition [test,0] (state.change.logger)
[2015-05-06 14:00:01,085] TRACE Controller 0 epoch 1 sending UpdateMetadata request (Leader:0,ISR:0,LeaderEpoch:0,ControllerEpoch:1) with correlationId 7 to broker 0 for partition [test,0] (state.change.logger)
[2015-05-06 14:00:01,088] TRACE Controller 0 epoch 1 changed state of replica 0 for partition [test,0] from NewReplica to OnlineReplica (state.change.logger)
[2015-05-06 14:00:01,101] TRACE Broker 0 received LeaderAndIsr request (LeaderAndIsrInfo:(Leader:0,ISR:0,LeaderEpoch:0,ControllerEpoch:1),ReplicationFactor:1),AllReplicas:0) correlation id 7 from controller 0 epoch 1 for partition [test,0] (state.change.logger)
[2015-05-06 14:00:01,106] TRACE Broker 0 handling LeaderAndIsr request correlationId 7 from controller 0 epoch 1 starting the become-leader transition for partition [test,0] (state.change.logger)
[2015-05-06 14:00:01,115] TRACE Broker 0 stopped fetchers as part of become-leader request from controller 0 epoch 1 with correlation id 7 for partition [test,0] (state.change.logger)
[2015-05-06 14:00:01,152] TRACE Broker 0 completed LeaderAndIsr request correlationId 7 from controller 0 epoch 1 for the become-leader transition for partition [test,0] (state.change.logger)
[2015-05-06 14:00:01,159] TRACE Controller 0 epoch 1 received response LeaderAndIsrResponse(7,Map((test,0) -> 0),0) for a request sent to broker id:0,host:mj-deb.local,port:9092 (state.change.logger)
[2015-05-06 14:00:01,195] TRACE Broker 0 cached leader info (LeaderAndIsrInfo:(Leader:0,ISR:0,LeaderEpoch:0,ControllerEpoch:1),ReplicationFactor:1),AllReplicas:0) for partition [test,0] in response to UpdateMetadata request sent by controller 0 epoch 1 with correlation id 7 (state.change.logger)
[2015-05-06 14:00:01,197] TRACE Controller 0 epoch 1 received response UpdateMetadataResponse(7,0) for a request sent to broker id:0,host:mj-deb.local,port:9092 (state.change.logger)
[2015-05-06 14:02:23,828] TRACE Controller 0 epoch 1 changed partition [test7,0] state from NonExistentPartition to NewPartition with assigned replicas 0 (state.change.logger)
[2015-05-06 14:02:23,829] TRACE Controller 0 epoch 1 changed state of replica 0 for partition [test7,0] from NonExistentReplica to NewReplica (state.change.logger)
[2015-05-06 14:02:23,844] TRACE Controller 0 epoch 1 changed partition [test7,0] from NewPartition to OnlinePartition with leader 0 (state.change.logger)
[2015-05-06 14:02:23,844] TRACE Controller 0 epoch 1 sending become-leader LeaderAndIsr request (Leader:0,ISR:0,LeaderEpoch:0,ControllerEpoch:1) with correlationId 11 to broker 0 for partition [test7,0] (state.change.logger)
[2015-05-06 14:02:23,844] TRACE Controller 0 epoch 1 sending UpdateMetadata request (Leader:0,ISR:0,LeaderEpoch:0,ControllerEpoch:1) with correlationId 11 to broker 0 for partition [test7,0] (state.change.logger)
[2015-05-06 14:02:23,845] TRACE Broker 0 received LeaderAndIsr request (LeaderAndIsrInfo:(Leader:0,ISR:0,LeaderEpoch:0,ControllerEpoch:1),ReplicationFactor:1),AllReplicas:0) correlation id 11 from controller 0 epoch 1 for partition [test7,0] (state.change.logger)
[2015-05-06 14:02:23,845] TRACE Controller 0 epoch 1 changed state of replica 0 for partition [test7,0] from NewReplica to OnlineReplica (state.change.logger)
[2015-05-06 14:02:23,846] TRACE Broker 0 handling LeaderAndIsr request correlationId 11 from controller 0 epoch 1 starting the become-leader transition for partition [test7,0] (state.change.logger)
[2015-05-06 14:02:23,846] TRACE Broker 0 stopped fetchers as part of become-leader request from controller 0 epoch 1 with correlation id 11 for partition [test7,0] (state.change.logger)
[2015-05-06 14:02:23,857] TRACE Broker 0 completed LeaderAndIsr request correlationId 11 from controller 0 epoch 1 for the become-leader transition for partition [test7,0] (state.change.logger)
[2015-05-06 14:02:23,858] TRACE Controller 0 epoch 1 received response LeaderAndIsrResponse(11,Map((test7,0) -> 0),0) for a request sent to broker id:0,host:mj-deb.local,port:9092 (state.change.logger)
[2015-05-06 14:02:23,858] TRACE Broker 0 cached leader info (LeaderAndIsrInfo:(Leader:0,ISR:0,LeaderEpoch:0,ControllerEpoch:1),ReplicationFactor:1),AllReplicas:0) for partition [test7,0] in response to UpdateMetadata request sent by controller 0 epoch 1 with correlation id 11 (state.change.logger)
[2015-05-06 14:02:23,859] TRACE Controller 0 epoch 1 received response UpdateMetadataResponse(11,0) for a request sent to broker id:0,host:mj-deb.local,port:9092 (state.change.logger)
[2015-05-06 14:19:19,520] DEBUG preRegister called. Server=com.sun.jmx.mbeanserver.JmxMBeanServer@66d3c617, name=log4j:logger=state.change.logger (state.change.logger)
[2015-05-06 14:20:48,814] TRACE Controller 0 epoch 2 started leader election for partition [test7,0] (state.change.logger)
[2015-05-06 14:20:48,827] ERROR Controller 0 epoch 2 initiated state change for partition [test7,0] from OfflinePartition to OnlinePartition failed (state.change.logger)
kafka.common.NoReplicaOnlineException: No replica for partition [test7,0] is alive. Live brokers are: [Set()], Assigned replicas are: [List(0)]
	at kafka.controller.OfflinePartitionLeaderSelector.selectLeader(PartitionLeaderSelector.scala:75)
	at kafka.controller.PartitionStateMachine.electLeaderForPartition(PartitionStateMachine.scala:357)
	at kafka.controller.PartitionStateMachine.kafka$controller$PartitionStateMachine$$handleStateChange(PartitionStateMachine.scala:206)
	at kafka.controller.PartitionStateMachine$$anonfun$triggerOnlinePartitionStateChange$3.apply(PartitionStateMachine.scala:120)
	at kafka.controller.PartitionStateMachine$$anonfun$triggerOnlinePartitionStateChange$3.apply(PartitionStateMachine.scala:117)
	at scala.collection.TraversableLike$WithFilter$$anonfun$foreach$1.apply(TraversableLike.scala:772)
	at scala.collection.mutable.HashMap$$anonfun$foreach$1.apply(HashMap.scala:98)
	at scala.collection.mutable.HashMap$$anonfun$foreach$1.apply(HashMap.scala:98)
	at scala.collection.mutable.HashTable$class.foreachEntry(HashTable.scala:226)
	at scala.collection.mutable.HashMap.foreachEntry(HashMap.scala:39)
	at scala.collection.mutable.HashMap.foreach(HashMap.scala:98)
	at scala.collection.TraversableLike$WithFilter.foreach(TraversableLike.scala:771)
	at kafka.controller.PartitionStateMachine.triggerOnlinePartitionStateChange(PartitionStateMachine.scala:117)
	at kafka.controller.PartitionStateMachine.startup(PartitionStateMachine.scala:70)
	at kafka.controller.KafkaController.onControllerFailover(KafkaController.scala:314)
	at kafka.controller.KafkaController$$anonfun$1.apply$mcV$sp(KafkaController.scala:161)
	at kafka.server.ZookeeperLeaderElector.elect(ZookeeperLeaderElector.scala:81)
	at kafka.server.ZookeeperLeaderElector$$anonfun$startup$1.apply$mcZ$sp(ZookeeperLeaderElector.scala:49)
	at kafka.server.ZookeeperLeaderElector$$anonfun$startup$1.apply(ZookeeperLeaderElector.scala:47)
	at kafka.server.ZookeeperLeaderElector$$anonfun$startup$1.apply(ZookeeperLeaderElector.scala:47)
	at kafka.utils.Utils$.inLock(Utils.scala:535)
	at kafka.server.ZookeeperLeaderElector.startup(ZookeeperLeaderElector.scala:47)
	at kafka.controller.KafkaController$$anonfun$startup$1.apply$mcV$sp(KafkaController.scala:650)
	at kafka.controller.KafkaController$$anonfun$startup$1.apply(KafkaController.scala:646)
	at kafka.controller.KafkaController$$anonfun$startup$1.apply(KafkaController.scala:646)
	at kafka.utils.Utils$.inLock(Utils.scala:535)
	at kafka.controller.KafkaController.startup(KafkaController.scala:646)
	at kafka.server.KafkaServer.startup(KafkaServer.scala:117)
	at kafka.server.KafkaServerStartable.startup(KafkaServerStartable.scala:29)
	at kafka.Kafka$.main(Kafka.scala:46)
	at kafka.Kafka.main(Kafka.scala)
[2015-05-06 14:20:48,829] TRACE Controller 0 epoch 2 started leader election for partition [test,0] (state.change.logger)
[2015-05-06 14:20:48,839] ERROR Controller 0 epoch 2 initiated state change for partition [test,0] from OfflinePartition to OnlinePartition failed (state.change.logger)
kafka.common.NoReplicaOnlineException: No replica for partition [test,0] is alive. Live brokers are: [Set()], Assigned replicas are: [List(0)]
	at kafka.controller.OfflinePartitionLeaderSelector.selectLeader(PartitionLeaderSelector.scala:75)
	at kafka.controller.PartitionStateMachine.electLeaderForPartition(PartitionStateMachine.scala:357)
	at kafka.controller.PartitionStateMachine.kafka$controller$PartitionStateMachine$$handleStateChange(PartitionStateMachine.scala:206)
	at kafka.controller.PartitionStateMachine$$anonfun$triggerOnlinePartitionStateChange$3.apply(PartitionStateMachine.scala:120)
	at kafka.controller.PartitionStateMachine$$anonfun$triggerOnlinePartitionStateChange$3.apply(PartitionStateMachine.scala:117)
	at scala.collection.TraversableLike$WithFilter$$anonfun$foreach$1.apply(TraversableLike.scala:772)
	at scala.collection.mutable.HashMap$$anonfun$foreach$1.apply(HashMap.scala:98)
	at scala.collection.mutable.HashMap$$anonfun$foreach$1.apply(HashMap.scala:98)
	at scala.collection.mutable.HashTable$class.foreachEntry(HashTable.scala:226)
	at scala.collection.mutable.HashMap.foreachEntry(HashMap.scala:39)
	at scala.collection.mutable.HashMap.foreach(HashMap.scala:98)
	at scala.collection.TraversableLike$WithFilter.foreach(TraversableLike.scala:771)
	at kafka.controller.PartitionStateMachine.triggerOnlinePartitionStateChange(PartitionStateMachine.scala:117)
	at kafka.controller.PartitionStateMachine.startup(PartitionStateMachine.scala:70)
	at kafka.controller.KafkaController.onControllerFailover(KafkaController.scala:314)
	at kafka.controller.KafkaController$$anonfun$1.apply$mcV$sp(KafkaController.scala:161)
	at kafka.server.ZookeeperLeaderElector.elect(ZookeeperLeaderElector.scala:81)
	at kafka.server.ZookeeperLeaderElector$$anonfun$startup$1.apply$mcZ$sp(ZookeeperLeaderElector.scala:49)
	at kafka.server.ZookeeperLeaderElector$$anonfun$startup$1.apply(ZookeeperLeaderElector.scala:47)
	at kafka.server.ZookeeperLeaderElector$$anonfun$startup$1.apply(ZookeeperLeaderElector.scala:47)
	at kafka.utils.Utils$.inLock(Utils.scala:535)
	at kafka.server.ZookeeperLeaderElector.startup(ZookeeperLeaderElector.scala:47)
	at kafka.controller.KafkaController$$anonfun$startup$1.apply$mcV$sp(KafkaController.scala:650)
	at kafka.controller.KafkaController$$anonfun$startup$1.apply(KafkaController.scala:646)
	at kafka.controller.KafkaController$$anonfun$startup$1.apply(KafkaController.scala:646)
	at kafka.utils.Utils$.inLock(Utils.scala:535)
	at kafka.controller.KafkaController.startup(KafkaController.scala:646)
	at kafka.server.KafkaServer.startup(KafkaServer.scala:117)
	at kafka.server.KafkaServerStartable.startup(KafkaServerStartable.scala:29)
	at kafka.Kafka$.main(Kafka.scala:46)
	at kafka.Kafka.main(Kafka.scala)
[2015-05-06 14:20:48,927] TRACE Controller 0 epoch 2 sending UpdateMetadata request (Leader:0,ISR:0,LeaderEpoch:0,ControllerEpoch:1) with correlationId 3 to broker 0 for partition [test7,0] (state.change.logger)
[2015-05-06 14:20:48,928] TRACE Controller 0 epoch 2 sending UpdateMetadata request (Leader:0,ISR:0,LeaderEpoch:0,ControllerEpoch:1) with correlationId 3 to broker 0 for partition [test,0] (state.change.logger)
[2015-05-06 14:20:48,951] TRACE Controller 0 epoch 2 changed state of replica 0 for partition [test7,0] from ReplicaDeletionIneligible to OnlineReplica (state.change.logger)
[2015-05-06 14:20:48,952] TRACE Controller 0 epoch 2 changed state of replica 0 for partition [test,0] from ReplicaDeletionIneligible to OnlineReplica (state.change.logger)
[2015-05-06 14:20:48,955] TRACE Controller 0 epoch 2 sending become-leader LeaderAndIsr request (Leader:0,ISR:0,LeaderEpoch:0,ControllerEpoch:1) with correlationId 4 to broker 0 for partition [test7,0] (state.change.logger)
[2015-05-06 14:20:48,956] TRACE Controller 0 epoch 2 sending become-leader LeaderAndIsr request (Leader:0,ISR:0,LeaderEpoch:0,ControllerEpoch:1) with correlationId 4 to broker 0 for partition [test,0] (state.change.logger)
[2015-05-06 14:20:48,956] TRACE Controller 0 epoch 2 sending UpdateMetadata request (Leader:0,ISR:0,LeaderEpoch:0,ControllerEpoch:1) with correlationId 4 to broker 0 for partition [test7,0] (state.change.logger)
[2015-05-06 14:20:48,957] TRACE Controller 0 epoch 2 sending UpdateMetadata request (Leader:0,ISR:0,LeaderEpoch:0,ControllerEpoch:1) with correlationId 4 to broker 0 for partition [test,0] (state.change.logger)
[2015-05-06 14:20:48,957] TRACE Controller 0 epoch 2 started leader election for partition [test7,0] (state.change.logger)
[2015-05-06 14:20:48,970] TRACE Broker 0 cached leader info (LeaderAndIsrInfo:(Leader:0,ISR:0,LeaderEpoch:0,ControllerEpoch:1),ReplicationFactor:1),AllReplicas:0) for partition [test7,0] in response to UpdateMetadata request sent by controller 0 epoch 2 with correlation id 3 (state.change.logger)
[2015-05-06 14:20:48,971] TRACE Broker 0 cached leader info (LeaderAndIsrInfo:(Leader:0,ISR:0,LeaderEpoch:0,ControllerEpoch:1),ReplicationFactor:1),AllReplicas:0) for partition [test,0] in response to UpdateMetadata request sent by controller 0 epoch 2 with correlation id 3 (state.change.logger)
[2015-05-06 14:20:48,976] TRACE Controller 0 epoch 2 elected leader 0 for Offline partition [test7,0] (state.change.logger)
[2015-05-06 14:20:48,981] TRACE Controller 0 epoch 2 changed partition [test7,0] from OfflinePartition to OnlinePartition with leader 0 (state.change.logger)
[2015-05-06 14:20:48,981] TRACE Controller 0 epoch 2 started leader election for partition [test,0] (state.change.logger)
[2015-05-06 14:20:48,991] TRACE Controller 0 epoch 2 received response UpdateMetadataResponse(3,0) for a request sent to broker id:0,host:mj-deb.local,port:9092 (state.change.logger)
[2015-05-06 14:20:48,999] TRACE Controller 0 epoch 2 elected leader 0 for Offline partition [test,0] (state.change.logger)
[2015-05-06 14:20:49,000] TRACE Controller 0 epoch 2 changed partition [test,0] from OfflinePartition to OnlinePartition with leader 0 (state.change.logger)
[2015-05-06 14:20:49,000] TRACE Controller 0 epoch 2 sending become-leader LeaderAndIsr request (Leader:0,ISR:0,LeaderEpoch:1,ControllerEpoch:2) with correlationId 5 to broker 0 for partition [test7,0] (state.change.logger)
[2015-05-06 14:20:49,001] TRACE Controller 0 epoch 2 sending become-leader LeaderAndIsr request (Leader:0,ISR:0,LeaderEpoch:1,ControllerEpoch:2) with correlationId 5 to broker 0 for partition [test,0] (state.change.logger)
[2015-05-06 14:20:49,001] TRACE Controller 0 epoch 2 sending UpdateMetadata request (Leader:0,ISR:0,LeaderEpoch:1,ControllerEpoch:2) with correlationId 5 to broker 0 for partition [test7,0] (state.change.logger)
[2015-05-06 14:20:49,001] TRACE Controller 0 epoch 2 sending UpdateMetadata request (Leader:0,ISR:0,LeaderEpoch:1,ControllerEpoch:2) with correlationId 5 to broker 0 for partition [test,0] (state.change.logger)
[2015-05-06 14:20:49,053] TRACE Broker 0 received LeaderAndIsr request (LeaderAndIsrInfo:(Leader:0,ISR:0,LeaderEpoch:0,ControllerEpoch:1),ReplicationFactor:1),AllReplicas:0) correlation id 4 from controller 0 epoch 2 for partition [test7,0] (state.change.logger)
[2015-05-06 14:20:49,053] TRACE Broker 0 received LeaderAndIsr request (LeaderAndIsrInfo:(Leader:0,ISR:0,LeaderEpoch:0,ControllerEpoch:1),ReplicationFactor:1),AllReplicas:0) correlation id 4 from controller 0 epoch 2 for partition [test,0] (state.change.logger)
[2015-05-06 14:20:49,062] TRACE Broker 0 handling LeaderAndIsr request correlationId 4 from controller 0 epoch 2 starting the become-leader transition for partition [test7,0] (state.change.logger)
[2015-05-06 14:20:49,062] TRACE Broker 0 handling LeaderAndIsr request correlationId 4 from controller 0 epoch 2 starting the become-leader transition for partition [test,0] (state.change.logger)
[2015-05-06 14:20:49,067] TRACE Broker 0 stopped fetchers as part of become-leader request from controller 0 epoch 2 with correlation id 4 for partition [test7,0] (state.change.logger)
[2015-05-06 14:20:49,067] TRACE Broker 0 stopped fetchers as part of become-leader request from controller 0 epoch 2 with correlation id 4 for partition [test,0] (state.change.logger)
[2015-05-06 14:20:49,118] TRACE Broker 0 completed LeaderAndIsr request correlationId 4 from controller 0 epoch 2 for the become-leader transition for partition [test7,0] (state.change.logger)
[2015-05-06 14:20:49,119] TRACE Broker 0 completed LeaderAndIsr request correlationId 4 from controller 0 epoch 2 for the become-leader transition for partition [test,0] (state.change.logger)
[2015-05-06 14:20:49,129] TRACE Controller 0 epoch 2 received response LeaderAndIsrResponse(4,Map((test7,0) -> 0, (test,0) -> 0),0) for a request sent to broker id:0,host:mj-deb.local,port:9092 (state.change.logger)
[2015-05-06 14:20:49,130] TRACE Broker 0 cached leader info (LeaderAndIsrInfo:(Leader:0,ISR:0,LeaderEpoch:0,ControllerEpoch:1),ReplicationFactor:1),AllReplicas:0) for partition [test7,0] in response to UpdateMetadata request sent by controller 0 epoch 2 with correlation id 4 (state.change.logger)
[2015-05-06 14:20:49,131] TRACE Broker 0 cached leader info (LeaderAndIsrInfo:(Leader:0,ISR:0,LeaderEpoch:0,ControllerEpoch:1),ReplicationFactor:1),AllReplicas:0) for partition [test,0] in response to UpdateMetadata request sent by controller 0 epoch 2 with correlation id 4 (state.change.logger)
[2015-05-06 14:20:49,132] TRACE Controller 0 epoch 2 received response UpdateMetadataResponse(4,0) for a request sent to broker id:0,host:mj-deb.local,port:9092 (state.change.logger)
[2015-05-06 14:20:49,133] TRACE Broker 0 received LeaderAndIsr request (LeaderAndIsrInfo:(Leader:0,ISR:0,LeaderEpoch:1,ControllerEpoch:2),ReplicationFactor:1),AllReplicas:0) correlation id 5 from controller 0 epoch 2 for partition [test7,0] (state.change.logger)
[2015-05-06 14:20:49,133] TRACE Broker 0 received LeaderAndIsr request (LeaderAndIsrInfo:(Leader:0,ISR:0,LeaderEpoch:1,ControllerEpoch:2),ReplicationFactor:1),AllReplicas:0) correlation id 5 from controller 0 epoch 2 for partition [test,0] (state.change.logger)
[2015-05-06 14:20:49,134] TRACE Broker 0 handling LeaderAndIsr request correlationId 5 from controller 0 epoch 2 starting the become-leader transition for partition [test7,0] (state.change.logger)
[2015-05-06 14:20:49,134] TRACE Broker 0 handling LeaderAndIsr request correlationId 5 from controller 0 epoch 2 starting the become-leader transition for partition [test,0] (state.change.logger)
[2015-05-06 14:20:49,135] TRACE Broker 0 stopped fetchers as part of become-leader request from controller 0 epoch 2 with correlation id 5 for partition [test7,0] (state.change.logger)
[2015-05-06 14:20:49,135] TRACE Broker 0 stopped fetchers as part of become-leader request from controller 0 epoch 2 with correlation id 5 for partition [test,0] (state.change.logger)
[2015-05-06 14:20:49,135] TRACE Broker 0 completed LeaderAndIsr request correlationId 5 from controller 0 epoch 2 for the become-leader transition for partition [test7,0] (state.change.logger)
[2015-05-06 14:20:49,135] TRACE Broker 0 completed LeaderAndIsr request correlationId 5 from controller 0 epoch 2 for the become-leader transition for partition [test,0] (state.change.logger)
[2015-05-06 14:20:49,137] TRACE Controller 0 epoch 2 received response LeaderAndIsrResponse(5,Map((test7,0) -> 0, (test,0) -> 0),0) for a request sent to broker id:0,host:mj-deb.local,port:9092 (state.change.logger)
[2015-05-06 14:20:49,138] TRACE Broker 0 cached leader info (LeaderAndIsrInfo:(Leader:0,ISR:0,LeaderEpoch:1,ControllerEpoch:2),ReplicationFactor:1),AllReplicas:0) for partition [test7,0] in response to UpdateMetadata request sent by controller 0 epoch 2 with correlation id 5 (state.change.logger)
[2015-05-06 14:20:49,138] TRACE Broker 0 cached leader info (LeaderAndIsrInfo:(Leader:0,ISR:0,LeaderEpoch:1,ControllerEpoch:2),ReplicationFactor:1),AllReplicas:0) for partition [test,0] in response to UpdateMetadata request sent by controller 0 epoch 2 with correlation id 5 (state.change.logger)
[2015-05-06 14:20:49,139] TRACE Controller 0 epoch 2 received response UpdateMetadataResponse(5,0) for a request sent to broker id:0,host:mj-deb.local,port:9092 (state.change.logger)
[2015-05-06 14:26:03,485] DEBUG preRegister called. Server=com.sun.jmx.mbeanserver.JmxMBeanServer@66d3c617, name=log4j:logger=state.change.logger (state.change.logger)
[2015-05-06 14:27:21,804] DEBUG preRegister called. Server=com.sun.jmx.mbeanserver.JmxMBeanServer@66d3c617, name=log4j:logger=state.change.logger (state.change.logger)
[2015-05-06 14:29:22,279] DEBUG preRegister called. Server=com.sun.jmx.mbeanserver.JmxMBeanServer@66d3c617, name=log4j:logger=state.change.logger (state.change.logger)
[2015-05-06 14:29:29,488] DEBUG preRegister called. Server=com.sun.jmx.mbeanserver.JmxMBeanServer@66d3c617, name=log4j:logger=state.change.logger (state.change.logger)
[2015-05-06 14:30:28,148] TRACE Controller 0 epoch 1 changed partition [test7,0] state from NonExistentPartition to NewPartition with assigned replicas 0 (state.change.logger)
[2015-05-06 14:30:28,157] TRACE Controller 0 epoch 1 changed state of replica 0 for partition [test7,0] from NonExistentReplica to NewReplica (state.change.logger)
[2015-05-06 14:30:28,196] TRACE Controller 0 epoch 1 changed partition [test7,0] from NewPartition to OnlinePartition with leader 0 (state.change.logger)
[2015-05-06 14:30:28,199] TRACE Controller 0 epoch 1 sending become-leader LeaderAndIsr request (Leader:0,ISR:0,LeaderEpoch:0,ControllerEpoch:1) with correlationId 7 to broker 0 for partition [test7,0] (state.change.logger)
[2015-05-06 14:30:28,201] TRACE Controller 0 epoch 1 sending UpdateMetadata request (Leader:0,ISR:0,LeaderEpoch:0,ControllerEpoch:1) with correlationId 7 to broker 0 for partition [test7,0] (state.change.logger)
[2015-05-06 14:30:28,204] TRACE Controller 0 epoch 1 changed state of replica 0 for partition [test7,0] from NewReplica to OnlineReplica (state.change.logger)
[2015-05-06 14:30:28,213] TRACE Broker 0 received LeaderAndIsr request (LeaderAndIsrInfo:(Leader:0,ISR:0,LeaderEpoch:0,ControllerEpoch:1),ReplicationFactor:1),AllReplicas:0) correlation id 7 from controller 0 epoch 1 for partition [test7,0] (state.change.logger)
[2015-05-06 14:30:28,222] TRACE Broker 0 handling LeaderAndIsr request correlationId 7 from controller 0 epoch 1 starting the become-leader transition for partition [test7,0] (state.change.logger)
[2015-05-06 14:30:28,227] TRACE Broker 0 stopped fetchers as part of become-leader request from controller 0 epoch 1 with correlation id 7 for partition [test7,0] (state.change.logger)
[2015-05-06 14:30:28,279] TRACE Broker 0 completed LeaderAndIsr request correlationId 7 from controller 0 epoch 1 for the become-leader transition for partition [test7,0] (state.change.logger)
[2015-05-06 14:30:28,284] TRACE Controller 0 epoch 1 received response LeaderAndIsrResponse(7,Map((test7,0) -> 0),0) for a request sent to broker id:0,host:mj-deb.local,port:9092 (state.change.logger)
[2015-05-06 14:30:28,292] TRACE Broker 0 cached leader info (LeaderAndIsrInfo:(Leader:0,ISR:0,LeaderEpoch:0,ControllerEpoch:1),ReplicationFactor:1),AllReplicas:0) for partition [test7,0] in response to UpdateMetadata request sent by controller 0 epoch 1 with correlation id 7 (state.change.logger)
[2015-05-06 14:30:28,294] TRACE Controller 0 epoch 1 received response UpdateMetadataResponse(7,0) for a request sent to broker id:0,host:mj-deb.local,port:9092 (state.change.logger)
